{
  "uid" : "ed7895604f3ad20e",
  "name" : "Post db create",
  "fullName" : "test_first.TestPOST#test_post_db_create",
  "historyId" : "1aec0f14b932a152b799443dcd6b951a",
  "time" : {
    "start" : 1700405275867,
    "stop" : 1700405276407,
    "duration" : 540
  },
  "status" : "skipped",
  "statusMessage" : "XFAIL\n\nAssertionError: Incorrect status code",
  "statusTrace" : "self = <test_first.TestPOST object at 0x7f8694d8d7b0>\n\n    @pytest.mark.xfail\n    @allure.sub_suite('POST')\n    @allure.title('Post db create')\n    def test_post_db_create(self):\n        print('\\n\\nMethod POST: db_create')\n        result_post_db_list = API.post_db_create(sid)\n>       Checking.check_status_code(result_post_db_list, 201)\n\ntest_first.py:90: \n_ _ _ _ _ _ _ _ _ _ _ _ _ _ _ _ _ _ _ _ _ _ _ _ _ _ _ _ _ _ _ _ _ _ _ _ _ _ _ _ \n\nresult = <Response [500]>, status_code = 201\n\n    @staticmethod\n    def check_status_code(result: requests.models.Response, status_code: int):\n        \"\"\"\n        Method check status code\n        :param result: Response JSON\n        :param status_code:\n        :return: int\n        \"\"\"\n>       assert status_code == result.status_code, 'Incorrect status code'\nE       AssertionError: Incorrect status code\n\nutils/checking.py:17: AssertionError",
  "flaky" : false,
  "newFailed" : false,
  "beforeStages" : [ ],
  "testStage" : {
    "status" : "skipped",
    "statusMessage" : "XFAIL\n\nAssertionError: Incorrect status code",
    "statusTrace" : "self = <test_first.TestPOST object at 0x7f8694d8d7b0>\n\n    @pytest.mark.xfail\n    @allure.sub_suite('POST')\n    @allure.title('Post db create')\n    def test_post_db_create(self):\n        print('\\n\\nMethod POST: db_create')\n        result_post_db_list = API.post_db_create(sid)\n>       Checking.check_status_code(result_post_db_list, 201)\n\ntest_first.py:90: \n_ _ _ _ _ _ _ _ _ _ _ _ _ _ _ _ _ _ _ _ _ _ _ _ _ _ _ _ _ _ _ _ _ _ _ _ _ _ _ _ \n\nresult = <Response [500]>, status_code = 201\n\n    @staticmethod\n    def check_status_code(result: requests.models.Response, status_code: int):\n        \"\"\"\n        Method check status code\n        :param result: Response JSON\n        :param status_code:\n        :return: int\n        \"\"\"\n>       assert status_code == result.status_code, 'Incorrect status code'\nE       AssertionError: Incorrect status code\n\nutils/checking.py:17: AssertionError",
    "steps" : [ {
      "name" : "Method POST",
      "time" : {
        "start" : 1700405275867,
        "stop" : 1700405276406,
        "duration" : 539
      },
      "status" : "passed",
      "steps" : [ {
        "name" : "Add request",
        "time" : {
          "start" : 1700405275868,
          "stop" : 1700405275868,
          "duration" : 0
        },
        "status" : "passed",
        "steps" : [ ],
        "attachments" : [ ],
        "parameters" : [ {
          "name" : "url",
          "value" : "'https://dbend.areso.pro/db_create'"
        }, {
          "name" : "method",
          "value" : "'POST'"
        } ],
        "attachmentsCount" : 0,
        "stepsCount" : 0,
        "hasContent" : true,
        "shouldDisplayMessage" : false
      }, {
        "name" : "Add response",
        "time" : {
          "start" : 1700405276406,
          "stop" : 1700405276406,
          "duration" : 0
        },
        "status" : "passed",
        "steps" : [ ],
        "attachments" : [ ],
        "parameters" : [ {
          "name" : "result",
          "value" : "<Response [500]>"
        } ],
        "attachmentsCount" : 0,
        "stepsCount" : 0,
        "hasContent" : true,
        "shouldDisplayMessage" : false
      } ],
      "attachments" : [ ],
      "parameters" : [ {
        "name" : "url",
        "value" : "'https://dbend.areso.pro/db_create'"
      }, {
        "name" : "cookie",
        "value" : "{'sid': '0e504d98-1ea6-413c-863f-48924a4bc3ab'}"
      } ],
      "attachmentsCount" : 0,
      "stepsCount" : 2,
      "hasContent" : true,
      "shouldDisplayMessage" : false
    }, {
      "name" : "Body: <!doctype html>\n<html lang=en>\n<title>500 Internal Server Error</title>\n<h1>Internal Server Error</h1>\n<p>The server encountered an internal error and was unable to complete your request. Either the server is overloaded or there is an error in the application.</p>\n",
      "time" : {
        "start" : 1700405276407,
        "stop" : 1700405276407,
        "duration" : 0
      },
      "status" : "passed",
      "steps" : [ ],
      "attachments" : [ ],
      "parameters" : [ ],
      "attachmentsCount" : 0,
      "stepsCount" : 0,
      "hasContent" : false,
      "shouldDisplayMessage" : false
    } ],
    "attachments" : [ {
      "uid" : "ad8ed5400186ab7d",
      "name" : "stdout",
      "source" : "ad8ed5400186ab7d.txt",
      "type" : "text/plain",
      "size" : 336
    } ],
    "parameters" : [ ],
    "attachmentsCount" : 1,
    "stepsCount" : 4,
    "hasContent" : true,
    "shouldDisplayMessage" : true
  },
  "afterStages" : [ ],
  "labels" : [ {
    "name" : "subSuite",
    "value" : "POST"
  }, {
    "name" : "suite",
    "value" : "REQUESTS POST"
  }, {
    "name" : "epic",
    "value" : "POST REQUESTS"
  }, {
    "name" : "tag",
    "value" : "@pytest.mark.xfail"
  }, {
    "name" : "host",
    "value" : "fv-az1149-966"
  }, {
    "name" : "thread",
    "value" : "1894-MainThread"
  }, {
    "name" : "framework",
    "value" : "pytest"
  }, {
    "name" : "language",
    "value" : "cpython3"
  }, {
    "name" : "package",
    "value" : "test_first"
  }, {
    "name" : "resultFormat",
    "value" : "allure2"
  } ],
  "parameters" : [ ],
  "links" : [ ],
  "hidden" : false,
  "retry" : false,
  "extra" : {
    "severity" : "normal",
    "retries" : [ ],
    "categories" : [ ],
    "history" : {
      "statistic" : {
        "failed" : 0,
        "broken" : 0,
        "skipped" : 2,
        "passed" : 0,
        "unknown" : 0,
        "total" : 2
      },
      "items" : [ {
        "uid" : "442ae901971fa25",
        "status" : "skipped",
        "statusDetails" : "XFAIL\n\nFileNotFoundError: [Errno 2] No such file or directory: 'logs/log_2023-11-19_14-46-06.log'",
        "time" : {
          "start" : 1700405167541,
          "stop" : 1700405167542,
          "duration" : 1
        }
      } ]
    },
    "tags" : [ "@pytest.mark.xfail" ]
  },
  "source" : "ed7895604f3ad20e.json",
  "parameterValues" : [ ]
}